Performing C SOURCE FILE Test CMAKE_HAVE_LIBC_PTHREAD failed with the following output:
Change Dir: /home/bc/SealDemo/CMakeFiles/CMakeTmp

Run Build Command(s):/usr/bin/make -f Makefile cmTC_84298/fast && /usr/bin/make  -f CMakeFiles/cmTC_84298.dir/build.make CMakeFiles/cmTC_84298.dir/build
make[1]: 进入目录“/home/bc/SealDemo/CMakeFiles/CMakeTmp”
Building C object CMakeFiles/cmTC_84298.dir/src.c.o
/usr/bin/cc -DCMAKE_HAVE_LIBC_PTHREAD   -o CMakeFiles/cmTC_84298.dir/src.c.o -c /home/bc/SealDemo/CMakeFiles/CMakeTmp/src.c
Linking C executable cmTC_84298
/home/bc/cmake-3.20.0-rc1-linux-x86_64/bin/cmake -E cmake_link_script CMakeFiles/cmTC_84298.dir/link.txt --verbose=1
/usr/bin/cc CMakeFiles/cmTC_84298.dir/src.c.o -o cmTC_84298 
CMakeFiles/cmTC_84298.dir/src.c.o：在函数‘main’中：
src.c:(.text+0x3e)：对‘pthread_create’未定义的引用
src.c:(.text+0x4a)：对‘pthread_detach’未定义的引用
src.c:(.text+0x56)：对‘pthread_cancel’未定义的引用
src.c:(.text+0x67)：对‘pthread_join’未定义的引用
src.c:(.text+0x7b)：对‘pthread_atfork’未定义的引用
collect2: error: ld returned 1 exit status
CMakeFiles/cmTC_84298.dir/build.make:98: recipe for target 'cmTC_84298' failed
make[1]: *** [cmTC_84298] Error 1
make[1]: 离开目录“/home/bc/SealDemo/CMakeFiles/CMakeTmp”
Makefile:127: recipe for target 'cmTC_84298/fast' failed
make: *** [cmTC_84298/fast] Error 2


Source file was:
#include <pthread.h>

static void* test_func(void* data)
{
  return data;
}

int main(void)
{
  pthread_t thread;
  pthread_create(&thread, NULL, test_func, NULL);
  pthread_detach(thread);
  pthread_cancel(thread);
  pthread_join(thread, NULL);
  pthread_atfork(NULL, NULL, NULL);
  pthread_exit(NULL);

  return 0;
}

